<?xml version="1.0" encoding="UTF-8"?>
<coverage generated="1748379385699" clover="3.2.0">
  <project timestamp="1748379385699" name="All files">
    <metrics statements="70" coveredstatements="51" conditionals="35" coveredconditionals="31" methods="11" coveredmethods="5" elements="116" coveredelements="87" complexity="0" loc="70" ncloc="70" packages="3" files="6" classes="6"/>
    <package name="app">
      <metrics statements="4" coveredstatements="0" conditionals="0" coveredconditionals="0" methods="1" coveredmethods="0"/>
      <file name="page.tsx" path="/Users/jeffwu/Projects/genai_tweet_digest_serverless/frontend/src/app/page.tsx">
        <metrics statements="4" coveredstatements="0" conditionals="0" coveredconditionals="0" methods="1" coveredmethods="0"/>
        <line num="3" count="0" type="stmt"/>
        <line num="4" count="0" type="stmt"/>
        <line num="5" count="0" type="stmt"/>
        <line num="7" count="0" type="stmt"/>
      </file>
    </package>
    <package name="components">
      <metrics statements="41" coveredstatements="33" conditionals="23" coveredconditionals="21" methods="7" coveredmethods="3"/>
      <file name="EmailSignup.tsx" path="/Users/jeffwu/Projects/genai_tweet_digest_serverless/frontend/src/components/EmailSignup.tsx">
        <metrics statements="34" coveredstatements="33" conditionals="22" coveredconditionals="21" methods="3" coveredmethods="3"/>
        <line num="3" count="2" type="stmt"/>
        <line num="4" count="2" type="stmt"/>
        <line num="10" count="24" type="stmt"/>
        <line num="11" count="332" type="stmt"/>
        <line num="12" count="332" type="stmt"/>
        <line num="13" count="332" type="stmt"/>
        <line num="15" count="332" type="stmt"/>
        <line num="16" count="19" type="stmt"/>
        <line num="19" count="19" type="stmt"/>
        <line num="20" count="19" type="cond" truecount="3" falsecount="0"/>
        <line num="21" count="3" type="stmt"/>
        <line num="22" count="3" type="stmt"/>
        <line num="25" count="16" type="stmt"/>
        <line num="26" count="16" type="stmt"/>
        <line num="28" count="16" type="stmt"/>
        <line num="29" count="16" type="cond" truecount="2" falsecount="0"/>
        <line num="31" count="8" type="stmt"/>
        <line num="32" count="7" type="stmt"/>
        <line num="33" count="7" type="stmt"/>
        <line num="36" count="8" type="stmt"/>
        <line num="39" count="4" type="stmt"/>
        <line num="40" count="4" type="stmt"/>
        <line num="43" count="5" type="stmt"/>
        <line num="46" count="5" type="cond" truecount="1" falsecount="1"/>
        <line num="47" count="5" type="stmt"/>
        <line num="48" count="5" type="stmt"/>
        <line num="51" count="5" type="cond" truecount="5" falsecount="0"/>
        <line num="52" count="1" type="stmt"/>
        <line num="53" count="4" type="cond" truecount="5" falsecount="0"/>
        <line num="54" count="1" type="stmt"/>
        <line num="56" count="3" type="stmt"/>
        <line num="59" count="0" type="stmt"/>
        <line num="62" count="16" type="stmt"/>
        <line num="77" count="274" type="stmt"/>
      </file>
      <file name="Features.tsx" path="/Users/jeffwu/Projects/genai_tweet_digest_serverless/frontend/src/components/Features.tsx">
        <metrics statements="3" coveredstatements="0" conditionals="0" coveredconditionals="0" methods="2" coveredmethods="0"/>
        <line num="1" count="0" type="stmt"/>
        <line num="34" count="0" type="stmt"/>
        <line num="51" count="0" type="stmt"/>
      </file>
      <file name="Footer.tsx" path="/Users/jeffwu/Projects/genai_tweet_digest_serverless/frontend/src/components/Footer.tsx">
        <metrics statements="2" coveredstatements="0" conditionals="0" coveredconditionals="0" methods="1" coveredmethods="0"/>
        <line num="1" count="0" type="stmt"/>
        <line num="2" count="0" type="stmt"/>
      </file>
      <file name="Hero.tsx" path="/Users/jeffwu/Projects/genai_tweet_digest_serverless/frontend/src/components/Hero.tsx">
        <metrics statements="2" coveredstatements="0" conditionals="1" coveredconditionals="0" methods="1" coveredmethods="0"/>
        <line num="1" count="0" type="stmt"/>
        <line num="7" count="0" type="cond" truecount="0" falsecount="1"/>
      </file>
    </package>
    <package name="utils">
      <metrics statements="25" coveredstatements="18" conditionals="12" coveredconditionals="10" methods="3" coveredmethods="2"/>
      <file name="api.ts" path="/Users/jeffwu/Projects/genai_tweet_digest_serverless/frontend/src/utils/api.ts">
        <metrics statements="25" coveredstatements="18" conditionals="12" coveredconditionals="10" methods="3" coveredmethods="2"/>
        <line num="16" count="2" type="cond" truecount="2" falsecount="0"/>
        <line num="20" count="8" type="stmt"/>
        <line num="21" count="8" type="stmt"/>
        <line num="29" count="7" type="stmt"/>
        <line num="31" count="7" type="cond" truecount="1" falsecount="0"/>
        <line num="33" count="3" type="cond" truecount="3" falsecount="0"/>
        <line num="36" count="3" type="cond" truecount="2" falsecount="0"/>
        <line num="37" count="1" type="stmt"/>
        <line num="38" count="2" type="cond" truecount="1" falsecount="0"/>
        <line num="39" count="1" type="cond" truecount="1" falsecount="1"/>
        <line num="42" count="3" type="stmt"/>
        <line num="43" count="3" type="stmt"/>
        <line num="44" count="3" type="stmt"/>
        <line num="47" count="4" type="stmt"/>
        <line num="49" count="4" type="stmt"/>
        <line num="50" count="4" type="stmt"/>
        <line num="55" count="0" type="stmt"/>
        <line num="56" count="0" type="stmt"/>
        <line num="63" count="0" type="cond" truecount="0" falsecount="1"/>
        <line num="64" count="0" type="stmt"/>
        <line num="67" count="0" type="stmt"/>
        <line num="69" count="0" type="stmt"/>
        <line num="70" count="0" type="stmt"/>
        <line num="75" count="2" type="stmt"/>
        <line num="76" count="8" type="stmt"/>
      </file>
    </package>
  </project>
</coverage>
