{"/Users/jeffwu/Projects/genai_tweet_digest_serverless/frontend/src/app/page.tsx": {"path":"/Users/jeffwu/Projects/genai_tweet_digest_serverless/frontend/src/app/page.tsx","statementMap":{"0":{"start":{"line":7,"column":24},"end":{"line":7,"column":null}},"1":{"start":{"line":3,"column":17},"end":{"line":3,"column":null}},"2":{"start":{"line":4,"column":21},"end":{"line":4,"column":null}},"3":{"start":{"line":5,"column":19},"end":{"line":5,"column":null}}},"fnMap":{"0":{"name":"Home","decl":{"start":{"line":7,"column":24},"end":{"line":7,"column":null}},"loc":{"start":{"line":7,"column":24},"end":{"line":16,"column":null}}}},"branchMap":{},"s":{"0":0,"1":0,"2":0,"3":0},"f":{"0":0},"b":{}}
,"/Users/jeffwu/Projects/genai_tweet_digest_serverless/frontend/src/components/EmailSignup.tsx": {"path":"/Users/jeffwu/Projects/genai_tweet_digest_serverless/frontend/src/components/EmailSignup.tsx","statementMap":{"0":{"start":{"line":10,"column":24},"end":{"line":10,"column":36}},"1":{"start":{"line":3,"column":25},"end":{"line":3,"column":null}},"2":{"start":{"line":4,"column":23},"end":{"line":4,"column":null}},"3":{"start":{"line":11,"column":28},"end":{"line":11,"column":null}},"4":{"start":{"line":12,"column":36},"end":{"line":12,"column":null}},"5":{"start":{"line":13,"column":32},"end":{"line":13,"column":null}},"6":{"start":{"line":15,"column":23},"end":{"line":64,"column":null}},"7":{"start":{"line":16,"column":4},"end":{"line":16,"column":null}},"8":{"start":{"line":19,"column":23},"end":{"line":19,"column":null}},"9":{"start":{"line":20,"column":4},"end":{"line":23,"column":null}},"10":{"start":{"line":21,"column":6},"end":{"line":21,"column":null}},"11":{"start":{"line":22,"column":6},"end":{"line":22,"column":null}},"12":{"start":{"line":25,"column":4},"end":{"line":25,"column":null}},"13":{"start":{"line":26,"column":4},"end":{"line":26,"column":null}},"14":{"start":{"line":28,"column":4},"end":{"line":63,"column":null}},"15":{"start":{"line":29,"column":6},"end":{"line":41,"column":null}},"16":{"start":{"line":31,"column":8},"end":{"line":31,"column":null}},"17":{"start":{"line":32,"column":8},"end":{"line":32,"column":null}},"18":{"start":{"line":33,"column":8},"end":{"line":33,"column":null}},"19":{"start":{"line":36,"column":8},"end":{"line":36,"column":null}},"20":{"start":{"line":39,"column":8},"end":{"line":39,"column":null}},"21":{"start":{"line":40,"column":8},"end":{"line":40,"column":null}},"22":{"start":{"line":43,"column":6},"end":{"line":43,"column":null}},"23":{"start":{"line":46,"column":6},"end":{"line":60,"column":null}},"24":{"start":{"line":47,"column":29},"end":{"line":47,"column":42}},"25":{"start":{"line":48,"column":23},"end":{"line":48,"column":68}},"26":{"start":{"line":51,"column":8},"end":{"line":57,"column":null}},"27":{"start":{"line":52,"column":10},"end":{"line":52,"column":null}},"28":{"start":{"line":53,"column":15},"end":{"line":57,"column":null}},"29":{"start":{"line":54,"column":10},"end":{"line":54,"column":null}},"30":{"start":{"line":56,"column":10},"end":{"line":56,"column":null}},"31":{"start":{"line":59,"column":8},"end":{"line":59,"column":null}},"32":{"start":{"line":62,"column":6},"end":{"line":62,"column":null}},"33":{"start":{"line":77,"column":29},"end":{"line":77,"column":null}}},"fnMap":{"0":{"name":"EmailSignup","decl":{"start":{"line":10,"column":24},"end":{"line":10,"column":36}},"loc":{"start":{"line":10,"column":69},"end":{"line":130,"column":null}}},"1":{"name":"(anonymous_3)","decl":{"start":{"line":15,"column":23},"end":{"line":15,"column":30}},"loc":{"start":{"line":15,"column":30},"end":{"line":64,"column":null}}},"2":{"name":"(anonymous_4)","decl":{"start":{"line":77,"column":22},"end":{"line":77,"column":23}},"loc":{"start":{"line":77,"column":29},"end":{"line":77,"column":null}}}},"branchMap":{"0":{"loc":{"start":{"line":20,"column":4},"end":{"line":23,"column":null}},"type":"if","locations":[{"start":{"line":20,"column":4},"end":{"line":23,"column":null}}]},"1":{"loc":{"start":{"line":20,"column":8},"end":{"line":20,"column":57}},"type":"binary-expr","locations":[{"start":{"line":20,"column":8},"end":{"line":20,"column":25}},{"start":{"line":20,"column":25},"end":{"line":20,"column":57}}]},"2":{"loc":{"start":{"line":29,"column":6},"end":{"line":41,"column":null}},"type":"if","locations":[{"start":{"line":29,"column":6},"end":{"line":41,"column":null}},{"start":{"line":34,"column":13},"end":{"line":41,"column":null}}]},"3":{"loc":{"start":{"line":46,"column":6},"end":{"line":60,"column":null}},"type":"if","locations":[{"start":{"line":46,"column":6},"end":{"line":60,"column":null}},{"start":{"line":58,"column":13},"end":{"line":60,"column":null}}]},"4":{"loc":{"start":{"line":51,"column":8},"end":{"line":57,"column":null}},"type":"if","locations":[{"start":{"line":51,"column":8},"end":{"line":57,"column":null}},{"start":{"line":53,"column":15},"end":{"line":57,"column":null}}]},"5":{"loc":{"start":{"line":51,"column":12},"end":{"line":51,"column":128}},"type":"binary-expr","locations":[{"start":{"line":51,"column":12},"end":{"line":51,"column":30}},{"start":{"line":51,"column":30},"end":{"line":51,"column":77}},{"start":{"line":51,"column":77},"end":{"line":51,"column":128}}]},"6":{"loc":{"start":{"line":53,"column":15},"end":{"line":57,"column":null}},"type":"if","locations":[{"start":{"line":53,"column":15},"end":{"line":57,"column":null}},{"start":{"line":55,"column":15},"end":{"line":57,"column":null}}]},"7":{"loc":{"start":{"line":53,"column":19},"end":{"line":53,"column":123}},"type":"binary-expr","locations":[{"start":{"line":53,"column":19},"end":{"line":53,"column":37}},{"start":{"line":53,"column":37},"end":{"line":53,"column":82}},{"start":{"line":53,"column":82},"end":{"line":53,"column":123}}]},"8":{"loc":{"start":{"line":89,"column":11},"end":{"line":110,"column":null}},"type":"cond-expr","locations":[{"start":{"line":90,"column":12},"end":{"line":110,"column":null}},{"start":{"line":110,"column":12},"end":{"line":110,"column":null}}]},"9":{"loc":{"start":{"line":115,"column":7},"end":{"line":115,"column":null}},"type":"binary-expr","locations":[{"start":{"line":115,"column":7},"end":{"line":115,"column":null}}]},"10":{"loc":{"start":{"line":117,"column":10},"end":{"line":119,"column":null}},"type":"cond-expr","locations":[{"start":{"line":118,"column":14},"end":{"line":118,"column":null}},{"start":{"line":119,"column":14},"end":{"line":119,"column":null}}]}},"s":{"0":24,"1":2,"2":2,"3":332,"4":332,"5":332,"6":332,"7":19,"8":19,"9":19,"10":3,"11":3,"12":16,"13":16,"14":16,"15":16,"16":8,"17":7,"18":7,"19":8,"20":4,"21":4,"22":5,"23":5,"24":5,"25":5,"26":5,"27":1,"28":4,"29":1,"30":3,"31":0,"32":16,"33":274},"f":{"0":332,"1":19,"2":274},"b":{"0":[3],"1":[19,18],"2":[8,8],"3":[5,0],"4":[1,4],"5":[5,4,4],"6":[1,3],"7":[4,3,3],"8":[16,316],"9":[332],"10":[10,8]}}
,"/Users/jeffwu/Projects/genai_tweet_digest_serverless/frontend/src/components/Features.tsx": {"path":"/Users/jeffwu/Projects/genai_tweet_digest_serverless/frontend/src/components/Features.tsx","statementMap":{"0":{"start":{"line":34,"column":24},"end":{"line":34,"column":null}},"1":{"start":{"line":1,"column":17},"end":{"line":32,"column":null}},"2":{"start":{"line":51,"column":14},"end":{"line":51,"column":31}}},"fnMap":{"0":{"name":"Features","decl":{"start":{"line":34,"column":24},"end":{"line":34,"column":null}},"loc":{"start":{"line":34,"column":24},"end":{"line":66,"column":null}}},"1":{"name":"(anonymous_2)","decl":{"start":{"line":50,"column":26},"end":{"line":50,"column":27}},"loc":{"start":{"line":51,"column":14},"end":{"line":51,"column":31}}}},"branchMap":{},"s":{"0":0,"1":0,"2":0},"f":{"0":0,"1":0},"b":{}}
,"/Users/jeffwu/Projects/genai_tweet_digest_serverless/frontend/src/components/Footer.tsx": {"path":"/Users/jeffwu/Projects/genai_tweet_digest_serverless/frontend/src/components/Footer.tsx","statementMap":{"0":{"start":{"line":1,"column":24},"end":{"line":1,"column":null}},"1":{"start":{"line":2,"column":22},"end":{"line":2,"column":null}}},"fnMap":{"0":{"name":"Footer","decl":{"start":{"line":1,"column":24},"end":{"line":1,"column":null}},"loc":{"start":{"line":1,"column":24},"end":{"line":42,"column":null}}}},"branchMap":{},"s":{"0":0,"1":0},"f":{"0":0},"b":{}}
,"/Users/jeffwu/Projects/genai_tweet_digest_serverless/frontend/src/components/Hero.tsx": {"path":"/Users/jeffwu/Projects/genai_tweet_digest_serverless/frontend/src/components/Hero.tsx","statementMap":{"0":{"start":{"line":7,"column":24},"end":{"line":7,"column":29}},"1":{"start":{"line":1,"column":24},"end":{"line":1,"column":null}}},"fnMap":{"0":{"name":"Hero","decl":{"start":{"line":7,"column":24},"end":{"line":7,"column":29}},"loc":{"start":{"line":7,"column":60},"end":{"line":65,"column":null}}}},"branchMap":{"0":{"loc":{"start":{"line":7,"column":29},"end":{"line":7,"column":60}},"type":"default-arg","locations":[{"start":{"line":7,"column":58},"end":{"line":7,"column":60}}]}},"s":{"0":0,"1":0},"f":{"0":0},"b":{"0":[0]}}
,"/Users/jeffwu/Projects/genai_tweet_digest_serverless/frontend/src/utils/api.ts": {"path":"/Users/jeffwu/Projects/genai_tweet_digest_serverless/frontend/src/utils/api.ts","statementMap":{"0":{"start":{"line":76,"column":0},"end":{"line":76,"column":15}},"1":{"start":{"line":16,"column":4},"end":{"line":16,"column":null}},"2":{"start":{"line":20,"column":4},"end":{"line":51,"column":null}},"3":{"start":{"line":21,"column":23},"end":{"line":27,"column":null}},"4":{"start":{"line":29,"column":19},"end":{"line":29,"column":null}},"5":{"start":{"line":31,"column":6},"end":{"line":45,"column":null}},"6":{"start":{"line":33,"column":27},"end":{"line":33,"column":null}},"7":{"start":{"line":36,"column":8},"end":{"line":40,"column":null}},"8":{"start":{"line":37,"column":10},"end":{"line":37,"column":null}},"9":{"start":{"line":38,"column":15},"end":{"line":40,"column":null}},"10":{"start":{"line":39,"column":10},"end":{"line":39,"column":null}},"11":{"start":{"line":42,"column":22},"end":{"line":42,"column":null}},"12":{"start":{"line":43,"column":8},"end":{"line":43,"column":null}},"13":{"start":{"line":44,"column":8},"end":{"line":44,"column":null}},"14":{"start":{"line":47,"column":6},"end":{"line":47,"column":null}},"15":{"start":{"line":49,"column":6},"end":{"line":49,"column":null}},"16":{"start":{"line":50,"column":6},"end":{"line":50,"column":null}},"17":{"start":{"line":55,"column":4},"end":{"line":71,"column":null}},"18":{"start":{"line":56,"column":23},"end":{"line":61,"column":null}},"19":{"start":{"line":63,"column":6},"end":{"line":65,"column":null}},"20":{"start":{"line":64,"column":8},"end":{"line":64,"column":null}},"21":{"start":{"line":67,"column":6},"end":{"line":67,"column":null}},"22":{"start":{"line":69,"column":6},"end":{"line":69,"column":null}},"23":{"start":{"line":70,"column":6},"end":{"line":70,"column":null}},"24":{"start":{"line":75,"column":19},"end":{"line":75,"column":null}},"25":{"start":{"line":76,"column":15},"end":{"line":76,"column":null}}},"fnMap":{"0":{"name":"(anonymous_1)","decl":{"start":{"line":14,"column":2},"end":{"line":14,"column":16}},"loc":{"start":{"line":14,"column":16},"end":{"line":17,"column":null}}},"1":{"name":"(anonymous_2)","decl":{"start":{"line":19,"column":2},"end":{"line":19,"column":8}},"loc":{"start":{"line":19,"column":55},"end":{"line":52,"column":null}}},"2":{"name":"(anonymous_3)","decl":{"start":{"line":54,"column":2},"end":{"line":54,"column":8}},"loc":{"start":{"line":54,"column":51},"end":{"line":72,"column":null}}}},"branchMap":{"0":{"loc":{"start":{"line":16,"column":19},"end":{"line":16,"column":null}},"type":"binary-expr","locations":[{"start":{"line":16,"column":19},"end":{"line":16,"column":50}},{"start":{"line":16,"column":54},"end":{"line":16,"column":null}}]},"1":{"loc":{"start":{"line":31,"column":6},"end":{"line":45,"column":null}},"type":"if","locations":[{"start":{"line":31,"column":6},"end":{"line":45,"column":null}}]},"2":{"loc":{"start":{"line":33,"column":27},"end":{"line":33,"column":null}},"type":"binary-expr","locations":[{"start":{"line":33,"column":27},"end":{"line":33,"column":39}},{"start":{"line":33,"column":43},"end":{"line":33,"column":53}},{"start":{"line":33,"column":57},"end":{"line":33,"column":null}}]},"3":{"loc":{"start":{"line":36,"column":8},"end":{"line":40,"column":null}},"type":"if","locations":[{"start":{"line":36,"column":8},"end":{"line":40,"column":null}},{"start":{"line":38,"column":15},"end":{"line":40,"column":null}}]},"4":{"loc":{"start":{"line":38,"column":15},"end":{"line":40,"column":null}},"type":"if","locations":[{"start":{"line":38,"column":15},"end":{"line":40,"column":null}}]},"5":{"loc":{"start":{"line":39,"column":25},"end":{"line":39,"column":null}},"type":"binary-expr","locations":[{"start":{"line":39,"column":25},"end":{"line":39,"column":35}},{"start":{"line":39,"column":39},"end":{"line":39,"column":null}}]},"6":{"loc":{"start":{"line":63,"column":6},"end":{"line":65,"column":null}},"type":"if","locations":[{"start":{"line":63,"column":6},"end":{"line":65,"column":null}}]}},"s":{"0":8,"1":2,"2":8,"3":8,"4":7,"5":7,"6":3,"7":3,"8":1,"9":2,"10":1,"11":3,"12":3,"13":3,"14":4,"15":4,"16":4,"17":0,"18":0,"19":0,"20":0,"21":0,"22":0,"23":0,"24":2,"25":2},"f":{"0":2,"1":8,"2":0},"b":{"0":[2,2],"1":[3],"2":[3,3,1],"3":[1,2],"4":[1],"5":[1,0],"6":[0]}}
}
