TN:
SF:src/app/page.tsx
FN:7,Home
FNF:1
FNH:0
FNDA:0,Home
DA:3,0
DA:4,0
DA:5,0
DA:7,0
LF:4
LH:0
BRF:0
BRH:0
end_of_record
TN:
SF:src/components/EmailSignup.tsx
FN:10,EmailSignup
FN:15,(anonymous_3)
FN:77,(anonymous_4)
FNF:3
FNH:3
FNDA:332,EmailSignup
FNDA:19,(anonymous_3)
FNDA:274,(anonymous_4)
DA:3,2
DA:4,2
DA:10,24
DA:11,332
DA:12,332
DA:13,332
DA:15,332
DA:16,19
DA:19,19
DA:20,19
DA:21,3
DA:22,3
DA:25,16
DA:26,16
DA:28,16
DA:29,16
DA:31,8
DA:32,7
DA:33,7
DA:36,8
DA:39,4
DA:40,4
DA:43,5
DA:46,5
DA:47,5
DA:48,5
DA:51,5
DA:52,1
DA:53,4
DA:54,1
DA:56,3
DA:59,0
DA:62,16
DA:77,274
LF:34
LH:33
BRDA:20,0,0,3
BRDA:20,1,0,19
BRDA:20,1,1,18
BRDA:29,2,0,8
BRDA:29,2,1,8
BRDA:46,3,0,5
BRDA:46,3,1,0
BRDA:51,4,0,1
BRDA:51,4,1,4
BRDA:51,5,0,5
BRDA:51,5,1,4
BRDA:51,5,2,4
BRDA:53,6,0,1
BRDA:53,6,1,3
BRDA:53,7,0,4
BRDA:53,7,1,3
BRDA:53,7,2,3
BRDA:89,8,0,16
BRDA:89,8,1,316
BRDA:115,9,0,332
BRDA:117,10,0,10
BRDA:117,10,1,8
BRF:22
BRH:21
end_of_record
TN:
SF:src/components/Features.tsx
FN:34,Features
FN:50,(anonymous_2)
FNF:2
FNH:0
FNDA:0,Features
FNDA:0,(anonymous_2)
DA:1,0
DA:34,0
DA:51,0
LF:3
LH:0
BRF:0
BRH:0
end_of_record
TN:
SF:src/components/Footer.tsx
FN:1,Footer
FNF:1
FNH:0
FNDA:0,Footer
DA:1,0
DA:2,0
LF:2
LH:0
BRF:0
BRH:0
end_of_record
TN:
SF:src/components/Hero.tsx
FN:7,Hero
FNF:1
FNH:0
FNDA:0,Hero
DA:1,0
DA:7,0
LF:2
LH:0
BRDA:7,0,0,0
BRF:1
BRH:0
end_of_record
TN:
SF:src/utils/api.ts
FN:14,(anonymous_1)
FN:19,(anonymous_2)
FN:54,(anonymous_3)
FNF:3
FNH:2
FNDA:2,(anonymous_1)
FNDA:8,(anonymous_2)
FNDA:0,(anonymous_3)
DA:16,2
DA:20,8
DA:21,8
DA:29,7
DA:31,7
DA:33,3
DA:36,3
DA:37,1
DA:38,2
DA:39,1
DA:42,3
DA:43,3
DA:44,3
DA:47,4
DA:49,4
DA:50,4
DA:55,0
DA:56,0
DA:63,0
DA:64,0
DA:67,0
DA:69,0
DA:70,0
DA:75,2
DA:76,8
LF:25
LH:18
BRDA:16,0,0,2
BRDA:16,0,1,2
BRDA:31,1,0,3
BRDA:33,2,0,3
BRDA:33,2,1,3
BRDA:33,2,2,1
BRDA:36,3,0,1
BRDA:36,3,1,2
BRDA:38,4,0,1
BRDA:39,5,0,1
BRDA:39,5,1,0
BRDA:63,6,0,0
BRF:12
BRH:10
end_of_record
